2025-07-06 15:09:00,558 - INFO - Starting Intelligent Internship Bot Local Scheduler
2025-07-06 15:09:00,558 - INFO - Running initial intelligent cycle...
2025-07-06 15:09:00,560 - INFO - Starting intelligent internship cycle...
2025-07-06 15:09:00,561 - INFO - Starting internship collection from all sources...
2025-07-06 15:09:02,316 - ERROR - Collection failed: Traceback (most recent call last):
  File "C:\Users\Swayam\Desktop\internship_mcp_server\collect.py", line 28, in <module>
    collect_internships()
  File "C:\Users\Swayam\Desktop\internship_mcp_server\collect.py", line 10, in collect_internships
    internships = scrape_all()
                  ^^^^^^^^^^^^
  File "C:\Users\Swayam\Desktop\internship_mcp_server\scraper.py", line 351, in scrape_all
    print("\n\U0001f680 Starting comprehensive internship search...")
  File "C:\Users\Swayam\anaconda3\Lib\encodings\cp1252.py", line 19, in encode
    return codecs.charmap_encode(input,self.errors,encoding_table)[0]
           ^^^^^^^^^^^^^^^^^^^^^^^^^^^^^^^^^^^^^^^^^^^^^^^^^^^^^^^
UnicodeEncodeError: 'charmap' codec can't encode character '\U0001f680' in position 2: character maps to <undefined>

2025-07-06 15:09:02,317 - WARNING - Collection failed. Waiting 30 minutes before retry...
2025-07-06 15:51:05,005 - INFO - Starting smart internship check...
2025-07-06 15:51:05,006 - INFO - Starting internship collection from all sources...
2025-07-06 15:51:06,049 - ERROR - Collection failed: Traceback (most recent call last):
  File "C:\Users\Swayam\Desktop\internship_mcp_server\collect.py", line 28, in <module>
    collect_internships()
  File "C:\Users\Swayam\Desktop\internship_mcp_server\collect.py", line 10, in collect_internships
    internships = scrape_all()
                  ^^^^^^^^^^^^
  File "C:\Users\Swayam\Desktop\internship_mcp_server\scraper.py", line 1297, in scrape_all
    print("\n\U0001f680 Starting comprehensive internship search...")
  File "C:\Users\Swayam\anaconda3\Lib\encodings\cp1252.py", line 19, in encode
    return codecs.charmap_encode(input,self.errors,encoding_table)[0]
           ^^^^^^^^^^^^^^^^^^^^^^^^^^^^^^^^^^^^^^^^^^^^^^^^^^^^^^^
UnicodeEncodeError: 'charmap' codec can't encode character '\U0001f680' in position 2: character maps to <undefined>

2025-07-06 15:51:06,050 - WARNING - Collection failed. Will try again next scheduled time.
2025-07-06 15:54:38,028 - INFO - Starting smart internship check...
2025-07-06 15:54:38,029 - INFO - Starting internship collection from all sources...
2025-07-06 15:54:40,003 - ERROR - Collection failed: Traceback (most recent call last):
  File "C:\Users\Swayam\Desktop\internship_mcp_server\scraper.py", line 150, in scrape_internshala
    print(f"\u2705 Found: {title} at {company}")
  File "C:\Users\Swayam\anaconda3\Lib\encodings\cp1252.py", line 19, in encode
    return codecs.charmap_encode(input,self.errors,encoding_table)[0]
           ^^^^^^^^^^^^^^^^^^^^^^^^^^^^^^^^^^^^^^^^^^^^^^^^^^^^^^^
UnicodeEncodeError: 'charmap' codec can't encode character '\u2705' in position 0: character maps to <undefined>

During handling of the above exception, another exception occurred:

Traceback (most recent call last):
  File "C:\Users\Swayam\Desktop\internship_mcp_server\scraper.py", line 1303, in scrape_all
    all_results.extend(scrape_internshala())
                       ^^^^^^^^^^^^^^^^^^^^
  File "C:\Users\Swayam\Desktop\internship_mcp_server\scraper.py", line 153, in scrape_internshala
    print(f"\u26a0\ufe0f Error scraping {url}: {e}")
  File "C:\Users\Swayam\anaconda3\Lib\encodings\cp1252.py", line 19, in encode
    return codecs.charmap_encode(input,self.errors,encoding_table)[0]
           ^^^^^^^^^^^^^^^^^^^^^^^^^^^^^^^^^^^^^^^^^^^^^^^^^^^^^^^
UnicodeEncodeError: 'charmap' codec can't encode characters in position 0-1: character maps to <undefined>

During handling of the above exception, another exception occurred:

Traceback (most recent call last):
  File "C:\Users\Swayam\Desktop\internship_mcp_server\collect.py", line 28, in <module>
    collect_internships()
  File "C:\Users\Swayam\Desktop\internship_mcp_server\collect.py", line 10, in collect_internships
    internships = scrape_all()
                  ^^^^^^^^^^^^
  File "C:\Users\Swayam\Desktop\internship_mcp_server\scraper.py", line 1305, in scrape_all
    print(f"\u26a0\ufe0f Internshala failed: {e}")
  File "C:\Users\Swayam\anaconda3\Lib\encodings\cp1252.py", line 19, in encode
    return codecs.charmap_encode(input,self.errors,encoding_table)[0]
           ^^^^^^^^^^^^^^^^^^^^^^^^^^^^^^^^^^^^^^^^^^^^^^^^^^^^^^^
UnicodeEncodeError: 'charmap' codec can't encode characters in position 0-1: character maps to <undefined>

2025-07-06 15:54:40,005 - WARNING - Collection failed. Will try again next scheduled time.
2025-07-06 17:31:11,417 - INFO - Starting Smart Internship Bot with Frequency Control
2025-07-06 17:31:11,427 - INFO - Running initial smart check...
2025-07-06 17:31:11,428 - INFO - Starting smart internship check...
2025-07-06 17:31:11,429 - INFO - Starting internship collection from all sources...
2025-07-06 17:31:15,328 - ERROR - Collection failed: Traceback (most recent call last):
  File "C:\Users\Swayam\Desktop\internship-mcp-main\scraper.py", line 150, in scrape_internshala
    print(f"\u2705 Found: {title} at {company}")
  File "C:\Users\Swayam\anaconda3\Lib\encodings\cp1252.py", line 19, in encode
    return codecs.charmap_encode(input,self.errors,encoding_table)[0]
           ^^^^^^^^^^^^^^^^^^^^^^^^^^^^^^^^^^^^^^^^^^^^^^^^^^^^^^^
UnicodeEncodeError: 'charmap' codec can't encode character '\u2705' in position 0: character maps to <undefined>

During handling of the above exception, another exception occurred:

Traceback (most recent call last):
  File "C:\Users\Swayam\Desktop\internship-mcp-main\scraper.py", line 1303, in scrape_all
    all_results.extend(scrape_internshala())
                       ^^^^^^^^^^^^^^^^^^^^
  File "C:\Users\Swayam\Desktop\internship-mcp-main\scraper.py", line 153, in scrape_internshala
    print(f"\u26a0\ufe0f Error scraping {url}: {e}")
  File "C:\Users\Swayam\anaconda3\Lib\encodings\cp1252.py", line 19, in encode
    return codecs.charmap_encode(input,self.errors,encoding_table)[0]
           ^^^^^^^^^^^^^^^^^^^^^^^^^^^^^^^^^^^^^^^^^^^^^^^^^^^^^^^
UnicodeEncodeError: 'charmap' codec can't encode characters in position 0-1: character maps to <undefined>

During handling of the above exception, another exception occurred:

Traceback (most recent call last):
  File "C:\Users\Swayam\Desktop\internship-mcp-main\collect.py", line 28, in <module>
    collect_internships()
  File "C:\Users\Swayam\Desktop\internship-mcp-main\collect.py", line 10, in collect_internships
    internships = scrape_all()
                  ^^^^^^^^^^^^
  File "C:\Users\Swayam\Desktop\internship-mcp-main\scraper.py", line 1305, in scrape_all
    print(f"\u26a0\ufe0f Internshala failed: {e}")
  File "C:\Users\Swayam\anaconda3\Lib\encodings\cp1252.py", line 19, in encode
    return codecs.charmap_encode(input,self.errors,encoding_table)[0]
           ^^^^^^^^^^^^^^^^^^^^^^^^^^^^^^^^^^^^^^^^^^^^^^^^^^^^^^^
UnicodeEncodeError: 'charmap' codec can't encode characters in position 0-1: character maps to <undefined>

2025-07-06 17:31:15,329 - WARNING - Collection failed. Will try again next scheduled time.
2025-07-06 17:31:15,329 - INFO - Smart scheduler running. Next checks: 09:00, 14:00, 19:00 daily + every 5 hours.
2025-07-06 17:31:56,732 - INFO - Smart scheduler stopped by user
2025-07-06 17:47:52,943 - INFO - Starting Smart Internship Bot with Frequency Control
2025-07-06 17:47:52,946 - INFO - Running initial smart check...
2025-07-06 17:47:52,946 - INFO - Starting smart internship check...
2025-07-06 17:47:52,947 - INFO - Starting internship collection from all sources...
2025-07-06 17:47:55,458 - ERROR - Collection failed: Traceback (most recent call last):
  File "C:\Users\Swayam\Desktop\internship-mcp-main\scraper.py", line 150, in scrape_internshala
    print(f"\u2705 Found: {title} at {company}")
  File "C:\Users\Swayam\anaconda3\Lib\encodings\cp1252.py", line 19, in encode
    return codecs.charmap_encode(input,self.errors,encoding_table)[0]
           ^^^^^^^^^^^^^^^^^^^^^^^^^^^^^^^^^^^^^^^^^^^^^^^^^^^^^^^
UnicodeEncodeError: 'charmap' codec can't encode character '\u2705' in position 0: character maps to <undefined>

During handling of the above exception, another exception occurred:

Traceback (most recent call last):
  File "C:\Users\Swayam\Desktop\internship-mcp-main\scraper.py", line 1303, in scrape_all
    all_results.extend(scrape_internshala())
                       ^^^^^^^^^^^^^^^^^^^^
  File "C:\Users\Swayam\Desktop\internship-mcp-main\scraper.py", line 153, in scrape_internshala
    print(f"\u26a0\ufe0f Error scraping {url}: {e}")
  File "C:\Users\Swayam\anaconda3\Lib\encodings\cp1252.py", line 19, in encode
    return codecs.charmap_encode(input,self.errors,encoding_table)[0]
           ^^^^^^^^^^^^^^^^^^^^^^^^^^^^^^^^^^^^^^^^^^^^^^^^^^^^^^^
UnicodeEncodeError: 'charmap' codec can't encode characters in position 0-1: character maps to <undefined>

During handling of the above exception, another exception occurred:

Traceback (most recent call last):
  File "C:\Users\Swayam\Desktop\internship-mcp-main\collect.py", line 65, in <module>
    collect_internships()
  File "C:\Users\Swayam\Desktop\internship-mcp-main\collect.py", line 42, in collect_internships
    internships = scrape_all()
                  ^^^^^^^^^^^^
  File "C:\Users\Swayam\Desktop\internship-mcp-main\scraper.py", line 1305, in scrape_all
    print(f"\u26a0\ufe0f Internshala failed: {e}")
  File "C:\Users\Swayam\anaconda3\Lib\encodings\cp1252.py", line 19, in encode
    return codecs.charmap_encode(input,self.errors,encoding_table)[0]
           ^^^^^^^^^^^^^^^^^^^^^^^^^^^^^^^^^^^^^^^^^^^^^^^^^^^^^^^
UnicodeEncodeError: 'charmap' codec can't encode characters in position 0-1: character maps to <undefined>

2025-07-06 17:47:55,458 - WARNING - Collection failed. Will try again next scheduled time.
2025-07-06 17:47:55,460 - INFO - Smart scheduler running. Next checks: 09:00, 14:00, 19:00 daily + every 5 hours.
